# JRE version: Java(TM) SE Runtime Environment (8.0_144-b01) (build 1.8.0_144-b01)
# Java VM: Java HotSpot(TM) Server VM (25.144-b01 mixed mode linux-x86 )
Heap:
 PSYoungGen      total 34048K, used 9974K [0x9d580000, 0xa2800000, 0xa7800000)
  eden space 32768K, 30% used [0x9d580000,0x9df3db10,0x9f580000)
  from space 1280K, 0% used [0x9f580000,0x9f580000,0x9f6c0000)
  to   space 9472K, 0% used [0xa1ec0000,0xa1ec0000,0xa2800000)
 ParOldGen       total 38656K, used 18519K [0x89000000, 0x8b5c0000, 0x9d580000)
  object space 38656K, 47% used [0x89000000,0x8a215ef8,0x8b5c0000)
 Metaspace       used 11374K, capacity 11616K, committed 11672K, reserved 12592K
GC Heap History (10 events):
Event: 1,782 GC heap before
{Heap before GC invocations=2 (full 0):
 PSYoungGen      total 9472K, used 9468K [0x9d580000, 0x9e800000, 0xa7800000)
  eden space 8192K, 100% used [0x9d580000,0x9dd80000,0x9dd80000)
  from space 1280K, 99% used [0x9dd80000,0x9debf368,0x9dec0000)
  to   space 1280K, 0% used [0x9e6c0000,0x9e6c0000,0x9e800000)
 ParOldGen       total 22016K, used 1081K [0x89000000, 0x8a580000, 0x9d580000)
  object space 22016K, 4% used [0x89000000,0x8910e610,0x8a580000)
 Metaspace       used 7032K, capacity 7243K, committed 7320K, reserved 7472K
Event: 1,799 GC heap after
Heap after GC invocations=2 (full 0):
 PSYoungGen      total 17664K, used 1272K [0x9d580000, 0x9e800000, 0xa7800000)
  eden space 16384K, 0% used [0x9d580000,0x9d580000,0x9e580000)
  from space 1280K, 99% used [0x9e6c0000,0x9e7fe0b0,0x9e800000)
  to   space 1280K, 0% used [0x9e580000,0x9e580000,0x9e6c0000)
 ParOldGen       total 22016K, used 2921K [0x89000000, 0x8a580000, 0x9d580000)
  object space 22016K, 13% used [0x89000000,0x892da480,0x8a580000)
 Metaspace       used 7032K, capacity 7243K, committed 7320K, reserved 7472K
}
Event: 3,010 GC heap before
{Heap before GC invocations=3 (full 0):
 PSYoungGen      total 17664K, used 17656K [0x9d580000, 0x9e800000, 0xa7800000)
  eden space 16384K, 100% used [0x9d580000,0x9e580000,0x9e580000)
  from space 1280K, 99% used [0x9e6c0000,0x9e7fe0b0,0x9e800000)
  to   space 1280K, 0% used [0x9e580000,0x9e580000,0x9e6c0000)
 ParOldGen       total 22016K, used 2921K [0x89000000, 0x8a580000, 0x9d580000)
  object space 22016K, 13% used [0x89000000,0x892da480,0x8a580000)
 Metaspace       used 9832K, capacity 10069K, committed 10136K, reserved 10544K
Event: 3,032 GC heap after
Heap after GC invocations=3 (full 0):
 PSYoungGen      total 17664K, used 1274K [0x9d580000, 0x9f800000, 0xa7800000)
  eden space 16384K, 0% used [0x9d580000,0x9d580000,0x9e580000)
  from space 1280K, 99% used [0x9e580000,0x9e6bebd8,0x9e6c0000)
  to   space 1280K, 0% used [0x9f6c0000,0x9f6c0000,0x9f800000)
 ParOldGen       total 22016K, used 6433K [0x89000000, 0x8a580000, 0x9d580000)
  object space 22016K, 29% used [0x89000000,0x896486a8,0x8a580000)
 Metaspace       used 9832K, capacity 10069K, committed 10136K, reserved 10544K
}
Event: 3,569 GC heap before
{Heap before GC invocations=4 (full 0):
 PSYoungGen      total 17664K, used 17658K [0x9d580000, 0x9f800000, 0xa7800000)
  eden space 16384K, 100% used [0x9d580000,0x9e580000,0x9e580000)
  from space 1280K, 99% used [0x9e580000,0x9e6bebd8,0x9e6c0000)
  to   space 1280K, 0% used [0x9f6c0000,0x9f6c0000,0x9f800000)
 ParOldGen       total 22016K, used 6433K [0x89000000, 0x8a580000, 0x9d580000)
  object space 22016K, 29% used [0x89000000,0x896486a8,0x8a580000)
 Metaspace       used 10521K, capacity 10744K, committed 10776K, reserved 11568K
Event: 3,594 GC heap after
Heap after GC invocations=4 (full 0):
 PSYoungGen      total 34048K, used 1266K [0x9d580000, 0x9f800000, 0xa7800000)
  eden space 32768K, 0% used [0x9d580000,0x9d580000,0x9f580000)
  from space 1280K, 98% used [0x9f6c0000,0x9f7fcbc8,0x9f800000)
  to   space 1280K, 0% used [0x9f580000,0x9f580000,0x9f6c0000)
 ParOldGen       total 22016K, used 12566K [0x89000000, 0x8a580000, 0x9d580000)
  object space 22016K, 57% used [0x89000000,0x89c45860,0x8a580000)
 Metaspace       used 10521K, capacity 10744K, committed 10776K, reserved 11568K
}
Event: 4,226 GC heap before
{Heap before GC invocations=5 (full 0):
 PSYoungGen      total 34048K, used 34034K [0x9d580000, 0x9f800000, 0xa7800000)
  eden space 32768K, 100% used [0x9d580000,0x9f580000,0x9f580000)
  from space 1280K, 98% used [0x9f6c0000,0x9f7fcbc8,0x9f800000)
  to   space 1280K, 0% used [0x9f580000,0x9f580000,0x9f6c0000)
 ParOldGen       total 22016K, used 12566K [0x89000000, 0x8a580000, 0x9d580000)
  object space 22016K, 57% used [0x89000000,0x89c45860,0x8a580000)
 Metaspace       used 11164K, capacity 11385K, committed 11416K, reserved 11568K
Event: 4,248 GC heap after
Heap after GC invocations=5 (full 0):
 PSYoungGen      total 34048K, used 1264K [0x9d580000, 0xa2800000, 0xa7800000)
  eden space 32768K, 0% used [0x9d580000,0x9d580000,0x9f580000)
  from space 1280K, 98% used [0x9f580000,0x9f6bc3c8,0x9f6c0000)
  to   space 9472K, 0% used [0xa1ec0000,0xa1ec0000,0xa2800000)
 ParOldGen       total 22016K, used 18742K [0x89000000, 0x8a580000, 0x9d580000)
  object space 22016K, 85% used [0x89000000,0x8a24d868,0x8a580000)
 Metaspace       used 11164K, capacity 11385K, committed 11416K, reserved 11568K
}
Event: 4,248 GC heap before
{Heap before GC invocations=6 (full 1):
 PSYoungGen      total 34048K, used 1264K [0x9d580000, 0xa2800000, 0xa7800000)
  eden space 32768K, 0% used [0x9d580000,0x9d580000,0x9f580000)
  from space 1280K, 98% used [0x9f580000,0x9f6bc3c8,0x9f6c0000)
  to   space 9472K, 0% used [0xa1ec0000,0xa1ec0000,0xa2800000)
 ParOldGen       total 22016K, used 18742K [0x89000000, 0x8a580000, 0x9d580000)
  object space 22016K, 85% used [0x89000000,0x8a24d868,0x8a580000)
 Metaspace       used 11164K, capacity 11385K, committed 11416K, reserved 11568K
Event: 4,338 GC heap after
Heap after GC invocations=6 (full 1):
 PSYoungGen      total 34048K, used 0K [0x9d580000, 0xa2800000, 0xa7800000)
  eden space 32768K, 0% used [0x9d580000,0x9d580000,0x9f580000)
  from space 1280K, 0% used [0x9f580000,0x9f580000,0x9f6c0000)
  to   space 9472K, 0% used [0xa1ec0000,0xa1ec0000,0xa2800000)
 ParOldGen       total 38656K, used 18519K [0x89000000, 0x8b5c0000, 0x9d580000)
  object space 38656K, 47% used [0x89000000,0x8a215ef8,0x8b5c0000)
 Metaspace       used 11164K, capacity 11385K, committed 11416K, reserved 11568K
}

